Determining if the pthread_create exist failed with the following output:
Change Dir: /mnt/c/Users/vl_sys/Desktop/proj/wlin_client/cmake-build-debug-wsl/CMakeFiles/CMakeTmp

Run Build Command:"/usr/bin/make" "cmTC_988cd/fast"
/usr/bin/make -f CMakeFiles/cmTC_988cd.dir/build.make CMakeFiles/cmTC_988cd.dir/build
make[1]: Entering directory '/mnt/c/Users/vl_sys/Desktop/proj/wlin_client/cmake-build-debug-wsl/CMakeFiles/CMakeTmp'
Building C object CMakeFiles/cmTC_988cd.dir/CheckSymbolExists.c.o
/usr/bin/clang-8    -o CMakeFiles/cmTC_988cd.dir/CheckSymbolExists.c.o   -c /mnt/c/Users/vl_sys/Desktop/proj/wlin_client/cmake-build-debug-wsl/CMakeFiles/CMakeTmp/CheckSymbolExists.c
Linking C executable cmTC_988cd
/usr/bin/cmake -E cmake_link_script CMakeFiles/cmTC_988cd.dir/link.txt --verbose=1
/usr/bin/clang-8      CMakeFiles/cmTC_988cd.dir/CheckSymbolExists.c.o  -o cmTC_988cd 
CMakeFiles/cmTC_988cd.dir/CheckSymbolExists.c.o: In function `main':
CheckSymbolExists.c:(.text+0x19): undefined reference to `pthread_create'
clang: error: linker command failed with exit code 1 (use -v to see invocation)
CMakeFiles/cmTC_988cd.dir/build.make:97: recipe for target 'cmTC_988cd' failed
make[1]: *** [cmTC_988cd] Error 1
make[1]: Leaving directory '/mnt/c/Users/vl_sys/Desktop/proj/wlin_client/cmake-build-debug-wsl/CMakeFiles/CMakeTmp'
Makefile:126: recipe for target 'cmTC_988cd/fast' failed
make: *** [cmTC_988cd/fast] Error 2

File /mnt/c/Users/vl_sys/Desktop/proj/wlin_client/cmake-build-debug-wsl/CMakeFiles/CMakeTmp/CheckSymbolExists.c:
/* */
#include <pthread.h>

int main(int argc, char** argv)
{
  (void)argv;
#ifndef pthread_create
  return ((int*)(&pthread_create))[argc];
#else
  (void)argc;
  return 0;
#endif
}

Determining if the function pthread_create exists in the pthreads failed with the following output:
Change Dir: /mnt/c/Users/vl_sys/Desktop/proj/wlin_client/cmake-build-debug-wsl/CMakeFiles/CMakeTmp

Run Build Command:"/usr/bin/make" "cmTC_ef95a/fast"
/usr/bin/make -f CMakeFiles/cmTC_ef95a.dir/build.make CMakeFiles/cmTC_ef95a.dir/build
make[1]: Entering directory '/mnt/c/Users/vl_sys/Desktop/proj/wlin_client/cmake-build-debug-wsl/CMakeFiles/CMakeTmp'
Building C object CMakeFiles/cmTC_ef95a.dir/CheckFunctionExists.c.o
/usr/bin/clang-8   -DCHECK_FUNCTION_EXISTS=pthread_create   -o CMakeFiles/cmTC_ef95a.dir/CheckFunctionExists.c.o   -c /usr/share/cmake-3.10/Modules/CheckFunctionExists.c
Linking C executable cmTC_ef95a
/usr/bin/cmake -E cmake_link_script CMakeFiles/cmTC_ef95a.dir/link.txt --verbose=1
/usr/bin/clang-8  -DCHECK_FUNCTION_EXISTS=pthread_create    CMakeFiles/cmTC_ef95a.dir/CheckFunctionExists.c.o  -o cmTC_ef95a -lpthreads 
/usr/bin/ld: cannot find -lpthreads
clang: error: linker command failed with exit code 1 (use -v to see invocation)
CMakeFiles/cmTC_ef95a.dir/build.make:97: recipe for target 'cmTC_ef95a' failed
make[1]: *** [cmTC_ef95a] Error 1
make[1]: Leaving directory '/mnt/c/Users/vl_sys/Desktop/proj/wlin_client/cmake-build-debug-wsl/CMakeFiles/CMakeTmp'
Makefile:126: recipe for target 'cmTC_ef95a/fast' failed
make: *** [cmTC_ef95a/fast] Error 2


