The system is: Linux - 4.4.0-18362-Microsoft - x86_64
Compiling the C compiler identification source file "CMakeCCompilerId.c" succeeded.
Compiler: /usr/bin/clang-8 
Build flags: 
Id flags:  

The output was:
0


Compilation of the C compiler identification source "CMakeCCompilerId.c" produced "a.out"

The C compiler identification is Clang, found in "/mnt/c/Users/vl_sys/Desktop/proj/wlin_client/cmake-build-debug-wsl/CMakeFiles/3.10.2/CompilerIdC/a.out"

Compiling the CXX compiler identification source file "CMakeCXXCompilerId.cpp" succeeded.
Compiler: /usr/bin/clang++-8 
Build flags: 
Id flags:  

The output was:
0


Compilation of the CXX compiler identification source "CMakeCXXCompilerId.cpp" produced "a.out"

The CXX compiler identification is Clang, found in "/mnt/c/Users/vl_sys/Desktop/proj/wlin_client/cmake-build-debug-wsl/CMakeFiles/3.10.2/CompilerIdCXX/a.out"

Determining if the C compiler works passed with the following output:
Change Dir: /mnt/c/Users/vl_sys/Desktop/proj/wlin_client/cmake-build-debug-wsl/CMakeFiles/CMakeTmp

Run Build Command:"/usr/bin/make" "cmTC_238d7/fast"
/usr/bin/make -f CMakeFiles/cmTC_238d7.dir/build.make CMakeFiles/cmTC_238d7.dir/build
make[1]: Entering directory '/mnt/c/Users/vl_sys/Desktop/proj/wlin_client/cmake-build-debug-wsl/CMakeFiles/CMakeTmp'
Building C object CMakeFiles/cmTC_238d7.dir/testCCompiler.c.o
/usr/bin/clang-8    -o CMakeFiles/cmTC_238d7.dir/testCCompiler.c.o   -c /mnt/c/Users/vl_sys/Desktop/proj/wlin_client/cmake-build-debug-wsl/CMakeFiles/CMakeTmp/testCCompiler.c
Linking C executable cmTC_238d7
/usr/bin/cmake -E cmake_link_script CMakeFiles/cmTC_238d7.dir/link.txt --verbose=1
/usr/bin/clang-8      CMakeFiles/cmTC_238d7.dir/testCCompiler.c.o  -o cmTC_238d7 
make[1]: Leaving directory '/mnt/c/Users/vl_sys/Desktop/proj/wlin_client/cmake-build-debug-wsl/CMakeFiles/CMakeTmp'


Detecting C compiler ABI info compiled with the following output:
Change Dir: /mnt/c/Users/vl_sys/Desktop/proj/wlin_client/cmake-build-debug-wsl/CMakeFiles/CMakeTmp

Run Build Command:"/usr/bin/make" "cmTC_318fa/fast"
/usr/bin/make -f CMakeFiles/cmTC_318fa.dir/build.make CMakeFiles/cmTC_318fa.dir/build
make[1]: Entering directory '/mnt/c/Users/vl_sys/Desktop/proj/wlin_client/cmake-build-debug-wsl/CMakeFiles/CMakeTmp'
Building C object CMakeFiles/cmTC_318fa.dir/CMakeCCompilerABI.c.o
/usr/bin/clang-8    -o CMakeFiles/cmTC_318fa.dir/CMakeCCompilerABI.c.o   -c /usr/share/cmake-3.10/Modules/CMakeCCompilerABI.c
Linking C executable cmTC_318fa
/usr/bin/cmake -E cmake_link_script CMakeFiles/cmTC_318fa.dir/link.txt --verbose=1
/usr/bin/clang-8     -v CMakeFiles/cmTC_318fa.dir/CMakeCCompilerABI.c.o  -o cmTC_318fa 
clang version 8.0.0-3~ubuntu18.04.1 (tags/RELEASE_800/final)
Target: x86_64-pc-linux-gnu
Thread model: posix
InstalledDir: /usr/bin
Found candidate GCC installation: /usr/bin/../lib/gcc/x86_64-linux-gnu/7
Found candidate GCC installation: /usr/bin/../lib/gcc/x86_64-linux-gnu/7.4.0
Found candidate GCC installation: /usr/bin/../lib/gcc/x86_64-linux-gnu/8
Found candidate GCC installation: /usr/bin/../lib/gcc/x86_64-linux-gnu/9
Found candidate GCC installation: /usr/lib/gcc/x86_64-linux-gnu/7
Found candidate GCC installation: /usr/lib/gcc/x86_64-linux-gnu/7.4.0
Found candidate GCC installation: /usr/lib/gcc/x86_64-linux-gnu/8
Found candidate GCC installation: /usr/lib/gcc/x86_64-linux-gnu/9
Selected GCC installation: /usr/bin/../lib/gcc/x86_64-linux-gnu/9
Candidate multilib: .;@m64
Selected multilib: .;@m64
 "/usr/bin/ld" -z relro --hash-style=gnu --build-id --eh-frame-hdr -m elf_x86_64 -dynamic-linker /lib64/ld-linux-x86-64.so.2 -o cmTC_318fa /usr/bin/../lib/gcc/x86_64-linux-gnu/9/../../../x86_64-linux-gnu/crt1.o /usr/bin/../lib/gcc/x86_64-linux-gnu/9/../../../x86_64-linux-gnu/crti.o /usr/bin/../lib/gcc/x86_64-linux-gnu/9/crtbegin.o -L/usr/bin/../lib/gcc/x86_64-linux-gnu/9 -L/usr/bin/../lib/gcc/x86_64-linux-gnu/9/../../../x86_64-linux-gnu -L/lib/x86_64-linux-gnu -L/lib/../lib64 -L/usr/lib/x86_64-linux-gnu -L/usr/bin/../lib/gcc/x86_64-linux-gnu/9/../../.. -L/usr/lib/llvm-8/bin/../lib -L/lib -L/usr/lib CMakeFiles/cmTC_318fa.dir/CMakeCCompilerABI.c.o -lgcc --as-needed -lgcc_s --no-as-needed -lc -lgcc --as-needed -lgcc_s --no-as-needed /usr/bin/../lib/gcc/x86_64-linux-gnu/9/crtend.o /usr/bin/../lib/gcc/x86_64-linux-gnu/9/../../../x86_64-linux-gnu/crtn.o
make[1]: Leaving directory '/mnt/c/Users/vl_sys/Desktop/proj/wlin_client/cmake-build-debug-wsl/CMakeFiles/CMakeTmp'


Parsed C implicit link information from above output:
  link line regex: [^( *|.*[/\])(ld|CMAKE_LINK_STARTFILE-NOTFOUND|([^/\]+-)?ld|collect2)[^/\]*( |$)]
  ignore line: [Change Dir: /mnt/c/Users/vl_sys/Desktop/proj/wlin_client/cmake-build-debug-wsl/CMakeFiles/CMakeTmp]
  ignore line: []
  ignore line: [Run Build Command:"/usr/bin/make" "cmTC_318fa/fast"]
  ignore line: [/usr/bin/make -f CMakeFiles/cmTC_318fa.dir/build.make CMakeFiles/cmTC_318fa.dir/build]
  ignore line: [make[1]: Entering directory '/mnt/c/Users/vl_sys/Desktop/proj/wlin_client/cmake-build-debug-wsl/CMakeFiles/CMakeTmp']
  ignore line: [Building C object CMakeFiles/cmTC_318fa.dir/CMakeCCompilerABI.c.o]
  ignore line: [/usr/bin/clang-8    -o CMakeFiles/cmTC_318fa.dir/CMakeCCompilerABI.c.o   -c /usr/share/cmake-3.10/Modules/CMakeCCompilerABI.c]
  ignore line: [Linking C executable cmTC_318fa]
  ignore line: [/usr/bin/cmake -E cmake_link_script CMakeFiles/cmTC_318fa.dir/link.txt --verbose=1]
  ignore line: [/usr/bin/clang-8     -v CMakeFiles/cmTC_318fa.dir/CMakeCCompilerABI.c.o  -o cmTC_318fa ]
  ignore line: [clang version 8.0.0-3~ubuntu18.04.1 (tags/RELEASE_800/final)]
  ignore line: [Target: x86_64-pc-linux-gnu]
  ignore line: [Thread model: posix]
  ignore line: [InstalledDir: /usr/bin]
  ignore line: [Found candidate GCC installation: /usr/bin/../lib/gcc/x86_64-linux-gnu/7]
  ignore line: [Found candidate GCC installation: /usr/bin/../lib/gcc/x86_64-linux-gnu/7.4.0]
  ignore line: [Found candidate GCC installation: /usr/bin/../lib/gcc/x86_64-linux-gnu/8]
  ignore line: [Found candidate GCC installation: /usr/bin/../lib/gcc/x86_64-linux-gnu/9]
  ignore line: [Found candidate GCC installation: /usr/lib/gcc/x86_64-linux-gnu/7]
  ignore line: [Found candidate GCC installation: /usr/lib/gcc/x86_64-linux-gnu/7.4.0]
  ignore line: [Found candidate GCC installation: /usr/lib/gcc/x86_64-linux-gnu/8]
  ignore line: [Found candidate GCC installation: /usr/lib/gcc/x86_64-linux-gnu/9]
  ignore line: [Selected GCC installation: /usr/bin/../lib/gcc/x86_64-linux-gnu/9]
  ignore line: [Candidate multilib: .]
  ignore line: [@m64]
  ignore line: [Selected multilib: .]
  ignore line: [@m64]
  link line: [ "/usr/bin/ld" -z relro --hash-style=gnu --build-id --eh-frame-hdr -m elf_x86_64 -dynamic-linker /lib64/ld-linux-x86-64.so.2 -o cmTC_318fa /usr/bin/../lib/gcc/x86_64-linux-gnu/9/../../../x86_64-linux-gnu/crt1.o /usr/bin/../lib/gcc/x86_64-linux-gnu/9/../../../x86_64-linux-gnu/crti.o /usr/bin/../lib/gcc/x86_64-linux-gnu/9/crtbegin.o -L/usr/bin/../lib/gcc/x86_64-linux-gnu/9 -L/usr/bin/../lib/gcc/x86_64-linux-gnu/9/../../../x86_64-linux-gnu -L/lib/x86_64-linux-gnu -L/lib/../lib64 -L/usr/lib/x86_64-linux-gnu -L/usr/bin/../lib/gcc/x86_64-linux-gnu/9/../../.. -L/usr/lib/llvm-8/bin/../lib -L/lib -L/usr/lib CMakeFiles/cmTC_318fa.dir/CMakeCCompilerABI.c.o -lgcc --as-needed -lgcc_s --no-as-needed -lc -lgcc --as-needed -lgcc_s --no-as-needed /usr/bin/../lib/gcc/x86_64-linux-gnu/9/crtend.o /usr/bin/../lib/gcc/x86_64-linux-gnu/9/../../../x86_64-linux-gnu/crtn.o]
    arg [/usr/bin/ld] ==> ignore
    arg [-zrelro] ==> ignore
    arg [--hash-style=gnu] ==> ignore
    arg [--build-id] ==> ignore
    arg [--eh-frame-hdr] ==> ignore
    arg [-m] ==> ignore
    arg [elf_x86_64] ==> ignore
    arg [-dynamic-linker] ==> ignore
    arg [/lib64/ld-linux-x86-64.so.2] ==> ignore
    arg [-o] ==> ignore
    arg [cmTC_318fa] ==> ignore
    arg [/usr/bin/../lib/gcc/x86_64-linux-gnu/9/../../../x86_64-linux-gnu/crt1.o] ==> ignore
    arg [/usr/bin/../lib/gcc/x86_64-linux-gnu/9/../../../x86_64-linux-gnu/crti.o] ==> ignore
    arg [/usr/bin/../lib/gcc/x86_64-linux-gnu/9/crtbegin.o] ==> ignore
    arg [-L/usr/bin/../lib/gcc/x86_64-linux-gnu/9] ==> dir [/usr/bin/../lib/gcc/x86_64-linux-gnu/9]
    arg [-L/usr/bin/../lib/gcc/x86_64-linux-gnu/9/../../../x86_64-linux-gnu] ==> dir [/usr/bin/../lib/gcc/x86_64-linux-gnu/9/../../../x86_64-linux-gnu]
    arg [-L/lib/x86_64-linux-gnu] ==> dir [/lib/x86_64-linux-gnu]
    arg [-L/lib/../lib64] ==> dir [/lib/../lib64]
    arg [-L/usr/lib/x86_64-linux-gnu] ==> dir [/usr/lib/x86_64-linux-gnu]
    arg [-L/usr/bin/../lib/gcc/x86_64-linux-gnu/9/../../..] ==> dir [/usr/bin/../lib/gcc/x86_64-linux-gnu/9/../../..]
    arg [-L/usr/lib/llvm-8/bin/../lib] ==> dir [/usr/lib/llvm-8/bin/../lib]
    arg [-L/lib] ==> dir [/lib]
    arg [-L/usr/lib] ==> dir [/usr/lib]
    arg [CMakeFiles/cmTC_318fa.dir/CMakeCCompilerABI.c.o] ==> ignore
    arg [-lgcc] ==> lib [gcc]
    arg [--as-needed] ==> ignore
    arg [-lgcc_s] ==> lib [gcc_s]
    arg [--no-as-needed] ==> ignore
    arg [-lc] ==> lib [c]
    arg [-lgcc] ==> lib [gcc]
    arg [--as-needed] ==> ignore
    arg [-lgcc_s] ==> lib [gcc_s]
    arg [--no-as-needed] ==> ignore
    arg [/usr/bin/../lib/gcc/x86_64-linux-gnu/9/crtend.o] ==> ignore
    arg [/usr/bin/../lib/gcc/x86_64-linux-gnu/9/../../../x86_64-linux-gnu/crtn.o] ==> ignore
  collapse library dir [/usr/bin/../lib/gcc/x86_64-linux-gnu/9] ==> [/usr/lib/gcc/x86_64-linux-gnu/9]
  collapse library dir [/usr/bin/../lib/gcc/x86_64-linux-gnu/9/../../../x86_64-linux-gnu] ==> [/usr/lib/x86_64-linux-gnu]
  collapse library dir [/lib/x86_64-linux-gnu] ==> [/lib/x86_64-linux-gnu]
  collapse library dir [/lib/../lib64] ==> [/lib64]
  collapse library dir [/usr/lib/x86_64-linux-gnu] ==> [/usr/lib/x86_64-linux-gnu]
  collapse library dir [/usr/bin/../lib/gcc/x86_64-linux-gnu/9/../../..] ==> [/usr/lib]
  collapse library dir [/usr/lib/llvm-8/bin/../lib] ==> [/usr/lib/llvm-8/lib]
  collapse library dir [/lib] ==> [/lib]
  collapse library dir [/usr/lib] ==> [/usr/lib]
  implicit libs: [gcc;gcc_s;c;gcc;gcc_s]
  implicit dirs: [/usr/lib/gcc/x86_64-linux-gnu/9;/usr/lib/x86_64-linux-gnu;/lib/x86_64-linux-gnu;/lib64;/usr/lib;/usr/lib/llvm-8/lib;/lib]
  implicit fwks: []




Detecting C [-std=c11] compiler features compiled with the following output:
Change Dir: /mnt/c/Users/vl_sys/Desktop/proj/wlin_client/cmake-build-debug-wsl/CMakeFiles/CMakeTmp

Run Build Command:"/usr/bin/make" "cmTC_e2e0e/fast"
/usr/bin/make -f CMakeFiles/cmTC_e2e0e.dir/build.make CMakeFiles/cmTC_e2e0e.dir/build
make[1]: Entering directory '/mnt/c/Users/vl_sys/Desktop/proj/wlin_client/cmake-build-debug-wsl/CMakeFiles/CMakeTmp'
Building C object CMakeFiles/cmTC_e2e0e.dir/feature_tests.c.o
/usr/bin/clang-8   -std=c11 -o CMakeFiles/cmTC_e2e0e.dir/feature_tests.c.o   -c /mnt/c/Users/vl_sys/Desktop/proj/wlin_client/cmake-build-debug-wsl/CMakeFiles/feature_tests.c
Linking C executable cmTC_e2e0e
/usr/bin/cmake -E cmake_link_script CMakeFiles/cmTC_e2e0e.dir/link.txt --verbose=1
/usr/bin/clang-8      CMakeFiles/cmTC_e2e0e.dir/feature_tests.c.o  -o cmTC_e2e0e 
make[1]: Leaving directory '/mnt/c/Users/vl_sys/Desktop/proj/wlin_client/cmake-build-debug-wsl/CMakeFiles/CMakeTmp'


    Feature record: C_FEATURE:1c_function_prototypes
    Feature record: C_FEATURE:1c_restrict
    Feature record: C_FEATURE:1c_static_assert
    Feature record: C_FEATURE:1c_variadic_macros


Detecting C [-std=c99] compiler features compiled with the following output:
Change Dir: /mnt/c/Users/vl_sys/Desktop/proj/wlin_client/cmake-build-debug-wsl/CMakeFiles/CMakeTmp

Run Build Command:"/usr/bin/make" "cmTC_d37e5/fast"
/usr/bin/make -f CMakeFiles/cmTC_d37e5.dir/build.make CMakeFiles/cmTC_d37e5.dir/build
make[1]: Entering directory '/mnt/c/Users/vl_sys/Desktop/proj/wlin_client/cmake-build-debug-wsl/CMakeFiles/CMakeTmp'
Building C object CMakeFiles/cmTC_d37e5.dir/feature_tests.c.o
/usr/bin/clang-8   -std=c99 -o CMakeFiles/cmTC_d37e5.dir/feature_tests.c.o   -c /mnt/c/Users/vl_sys/Desktop/proj/wlin_client/cmake-build-debug-wsl/CMakeFiles/feature_tests.c
Linking C executable cmTC_d37e5
/usr/bin/cmake -E cmake_link_script CMakeFiles/cmTC_d37e5.dir/link.txt --verbose=1
/usr/bin/clang-8      CMakeFiles/cmTC_d37e5.dir/feature_tests.c.o  -o cmTC_d37e5 
make[1]: Leaving directory '/mnt/c/Users/vl_sys/Desktop/proj/wlin_client/cmake-build-debug-wsl/CMakeFiles/CMakeTmp'


    Feature record: C_FEATURE:1c_function_prototypes
    Feature record: C_FEATURE:1c_restrict
    Feature record: C_FEATURE:0c_static_assert
    Feature record: C_FEATURE:1c_variadic_macros


Detecting C [-std=c90] compiler features compiled with the following output:
Change Dir: /mnt/c/Users/vl_sys/Desktop/proj/wlin_client/cmake-build-debug-wsl/CMakeFiles/CMakeTmp

Run Build Command:"/usr/bin/make" "cmTC_fcf9b/fast"
/usr/bin/make -f CMakeFiles/cmTC_fcf9b.dir/build.make CMakeFiles/cmTC_fcf9b.dir/build
make[1]: Entering directory '/mnt/c/Users/vl_sys/Desktop/proj/wlin_client/cmake-build-debug-wsl/CMakeFiles/CMakeTmp'
Building C object CMakeFiles/cmTC_fcf9b.dir/feature_tests.c.o
/usr/bin/clang-8   -std=c90 -o CMakeFiles/cmTC_fcf9b.dir/feature_tests.c.o   -c /mnt/c/Users/vl_sys/Desktop/proj/wlin_client/cmake-build-debug-wsl/CMakeFiles/feature_tests.c
Linking C executable cmTC_fcf9b
/usr/bin/cmake -E cmake_link_script CMakeFiles/cmTC_fcf9b.dir/link.txt --verbose=1
/usr/bin/clang-8      CMakeFiles/cmTC_fcf9b.dir/feature_tests.c.o  -o cmTC_fcf9b 
make[1]: Leaving directory '/mnt/c/Users/vl_sys/Desktop/proj/wlin_client/cmake-build-debug-wsl/CMakeFiles/CMakeTmp'


    Feature record: C_FEATURE:1c_function_prototypes
    Feature record: C_FEATURE:0c_restrict
    Feature record: C_FEATURE:0c_static_assert
    Feature record: C_FEATURE:0c_variadic_macros
Determining if the CXX compiler works passed with the following output:
Change Dir: /mnt/c/Users/vl_sys/Desktop/proj/wlin_client/cmake-build-debug-wsl/CMakeFiles/CMakeTmp

Run Build Command:"/usr/bin/make" "cmTC_dad0c/fast"
/usr/bin/make -f CMakeFiles/cmTC_dad0c.dir/build.make CMakeFiles/cmTC_dad0c.dir/build
make[1]: Entering directory '/mnt/c/Users/vl_sys/Desktop/proj/wlin_client/cmake-build-debug-wsl/CMakeFiles/CMakeTmp'
Building CXX object CMakeFiles/cmTC_dad0c.dir/testCXXCompiler.cxx.o
/usr/bin/clang++-8     -o CMakeFiles/cmTC_dad0c.dir/testCXXCompiler.cxx.o -c /mnt/c/Users/vl_sys/Desktop/proj/wlin_client/cmake-build-debug-wsl/CMakeFiles/CMakeTmp/testCXXCompiler.cxx
Linking CXX executable cmTC_dad0c
/usr/bin/cmake -E cmake_link_script CMakeFiles/cmTC_dad0c.dir/link.txt --verbose=1
/usr/bin/clang++-8       CMakeFiles/cmTC_dad0c.dir/testCXXCompiler.cxx.o  -o cmTC_dad0c 
make[1]: Leaving directory '/mnt/c/Users/vl_sys/Desktop/proj/wlin_client/cmake-build-debug-wsl/CMakeFiles/CMakeTmp'


Detecting CXX compiler ABI info compiled with the following output:
Change Dir: /mnt/c/Users/vl_sys/Desktop/proj/wlin_client/cmake-build-debug-wsl/CMakeFiles/CMakeTmp

Run Build Command:"/usr/bin/make" "cmTC_268a3/fast"
/usr/bin/make -f CMakeFiles/cmTC_268a3.dir/build.make CMakeFiles/cmTC_268a3.dir/build
make[1]: Entering directory '/mnt/c/Users/vl_sys/Desktop/proj/wlin_client/cmake-build-debug-wsl/CMakeFiles/CMakeTmp'
Building CXX object CMakeFiles/cmTC_268a3.dir/CMakeCXXCompilerABI.cpp.o
/usr/bin/clang++-8     -o CMakeFiles/cmTC_268a3.dir/CMakeCXXCompilerABI.cpp.o -c /usr/share/cmake-3.10/Modules/CMakeCXXCompilerABI.cpp
Linking CXX executable cmTC_268a3
/usr/bin/cmake -E cmake_link_script CMakeFiles/cmTC_268a3.dir/link.txt --verbose=1
/usr/bin/clang++-8      -v CMakeFiles/cmTC_268a3.dir/CMakeCXXCompilerABI.cpp.o  -o cmTC_268a3 
clang version 8.0.0-3~ubuntu18.04.1 (tags/RELEASE_800/final)
Target: x86_64-pc-linux-gnu
Thread model: posix
InstalledDir: /usr/bin
Found candidate GCC installation: /usr/bin/../lib/gcc/x86_64-linux-gnu/7
Found candidate GCC installation: /usr/bin/../lib/gcc/x86_64-linux-gnu/7.4.0
Found candidate GCC installation: /usr/bin/../lib/gcc/x86_64-linux-gnu/8
Found candidate GCC installation: /usr/bin/../lib/gcc/x86_64-linux-gnu/9
Found candidate GCC installation: /usr/lib/gcc/x86_64-linux-gnu/7
Found candidate GCC installation: /usr/lib/gcc/x86_64-linux-gnu/7.4.0
Found candidate GCC installation: /usr/lib/gcc/x86_64-linux-gnu/8
Found candidate GCC installation: /usr/lib/gcc/x86_64-linux-gnu/9
Selected GCC installation: /usr/bin/../lib/gcc/x86_64-linux-gnu/9
Candidate multilib: .;@m64
Selected multilib: .;@m64
 "/usr/bin/ld" -z relro --hash-style=gnu --build-id --eh-frame-hdr -m elf_x86_64 -dynamic-linker /lib64/ld-linux-x86-64.so.2 -o cmTC_268a3 /usr/bin/../lib/gcc/x86_64-linux-gnu/9/../../../x86_64-linux-gnu/crt1.o /usr/bin/../lib/gcc/x86_64-linux-gnu/9/../../../x86_64-linux-gnu/crti.o /usr/bin/../lib/gcc/x86_64-linux-gnu/9/crtbegin.o -L/usr/bin/../lib/gcc/x86_64-linux-gnu/9 -L/usr/bin/../lib/gcc/x86_64-linux-gnu/9/../../../x86_64-linux-gnu -L/lib/x86_64-linux-gnu -L/lib/../lib64 -L/usr/lib/x86_64-linux-gnu -L/usr/bin/../lib/gcc/x86_64-linux-gnu/9/../../.. -L/usr/lib/llvm-8/bin/../lib -L/lib -L/usr/lib CMakeFiles/cmTC_268a3.dir/CMakeCXXCompilerABI.cpp.o -lstdc++ -lm -lgcc_s -lgcc -lc -lgcc_s -lgcc /usr/bin/../lib/gcc/x86_64-linux-gnu/9/crtend.o /usr/bin/../lib/gcc/x86_64-linux-gnu/9/../../../x86_64-linux-gnu/crtn.o
make[1]: Leaving directory '/mnt/c/Users/vl_sys/Desktop/proj/wlin_client/cmake-build-debug-wsl/CMakeFiles/CMakeTmp'


Parsed CXX implicit link information from above output:
  link line regex: [^( *|.*[/\])(ld|CMAKE_LINK_STARTFILE-NOTFOUND|([^/\]+-)?ld|collect2)[^/\]*( |$)]
  ignore line: [Change Dir: /mnt/c/Users/vl_sys/Desktop/proj/wlin_client/cmake-build-debug-wsl/CMakeFiles/CMakeTmp]
  ignore line: []
  ignore line: [Run Build Command:"/usr/bin/make" "cmTC_268a3/fast"]
  ignore line: [/usr/bin/make -f CMakeFiles/cmTC_268a3.dir/build.make CMakeFiles/cmTC_268a3.dir/build]
  ignore line: [make[1]: Entering directory '/mnt/c/Users/vl_sys/Desktop/proj/wlin_client/cmake-build-debug-wsl/CMakeFiles/CMakeTmp']
  ignore line: [Building CXX object CMakeFiles/cmTC_268a3.dir/CMakeCXXCompilerABI.cpp.o]
  ignore line: [/usr/bin/clang++-8     -o CMakeFiles/cmTC_268a3.dir/CMakeCXXCompilerABI.cpp.o -c /usr/share/cmake-3.10/Modules/CMakeCXXCompilerABI.cpp]
  ignore line: [Linking CXX executable cmTC_268a3]
  ignore line: [/usr/bin/cmake -E cmake_link_script CMakeFiles/cmTC_268a3.dir/link.txt --verbose=1]
  ignore line: [/usr/bin/clang++-8      -v CMakeFiles/cmTC_268a3.dir/CMakeCXXCompilerABI.cpp.o  -o cmTC_268a3 ]
  ignore line: [clang version 8.0.0-3~ubuntu18.04.1 (tags/RELEASE_800/final)]
  ignore line: [Target: x86_64-pc-linux-gnu]
  ignore line: [Thread model: posix]
  ignore line: [InstalledDir: /usr/bin]
  ignore line: [Found candidate GCC installation: /usr/bin/../lib/gcc/x86_64-linux-gnu/7]
  ignore line: [Found candidate GCC installation: /usr/bin/../lib/gcc/x86_64-linux-gnu/7.4.0]
  ignore line: [Found candidate GCC installation: /usr/bin/../lib/gcc/x86_64-linux-gnu/8]
  ignore line: [Found candidate GCC installation: /usr/bin/../lib/gcc/x86_64-linux-gnu/9]
  ignore line: [Found candidate GCC installation: /usr/lib/gcc/x86_64-linux-gnu/7]
  ignore line: [Found candidate GCC installation: /usr/lib/gcc/x86_64-linux-gnu/7.4.0]
  ignore line: [Found candidate GCC installation: /usr/lib/gcc/x86_64-linux-gnu/8]
  ignore line: [Found candidate GCC installation: /usr/lib/gcc/x86_64-linux-gnu/9]
  ignore line: [Selected GCC installation: /usr/bin/../lib/gcc/x86_64-linux-gnu/9]
  ignore line: [Candidate multilib: .]
  ignore line: [@m64]
  ignore line: [Selected multilib: .]
  ignore line: [@m64]
  link line: [ "/usr/bin/ld" -z relro --hash-style=gnu --build-id --eh-frame-hdr -m elf_x86_64 -dynamic-linker /lib64/ld-linux-x86-64.so.2 -o cmTC_268a3 /usr/bin/../lib/gcc/x86_64-linux-gnu/9/../../../x86_64-linux-gnu/crt1.o /usr/bin/../lib/gcc/x86_64-linux-gnu/9/../../../x86_64-linux-gnu/crti.o /usr/bin/../lib/gcc/x86_64-linux-gnu/9/crtbegin.o -L/usr/bin/../lib/gcc/x86_64-linux-gnu/9 -L/usr/bin/../lib/gcc/x86_64-linux-gnu/9/../../../x86_64-linux-gnu -L/lib/x86_64-linux-gnu -L/lib/../lib64 -L/usr/lib/x86_64-linux-gnu -L/usr/bin/../lib/gcc/x86_64-linux-gnu/9/../../.. -L/usr/lib/llvm-8/bin/../lib -L/lib -L/usr/lib CMakeFiles/cmTC_268a3.dir/CMakeCXXCompilerABI.cpp.o -lstdc++ -lm -lgcc_s -lgcc -lc -lgcc_s -lgcc /usr/bin/../lib/gcc/x86_64-linux-gnu/9/crtend.o /usr/bin/../lib/gcc/x86_64-linux-gnu/9/../../../x86_64-linux-gnu/crtn.o]
    arg [/usr/bin/ld] ==> ignore
    arg [-zrelro] ==> ignore
    arg [--hash-style=gnu] ==> ignore
    arg [--build-id] ==> ignore
    arg [--eh-frame-hdr] ==> ignore
    arg [-m] ==> ignore
    arg [elf_x86_64] ==> ignore
    arg [-dynamic-linker] ==> ignore
    arg [/lib64/ld-linux-x86-64.so.2] ==> ignore
    arg [-o] ==> ignore
    arg [cmTC_268a3] ==> ignore
    arg [/usr/bin/../lib/gcc/x86_64-linux-gnu/9/../../../x86_64-linux-gnu/crt1.o] ==> ignore
    arg [/usr/bin/../lib/gcc/x86_64-linux-gnu/9/../../../x86_64-linux-gnu/crti.o] ==> ignore
    arg [/usr/bin/../lib/gcc/x86_64-linux-gnu/9/crtbegin.o] ==> ignore
    arg [-L/usr/bin/../lib/gcc/x86_64-linux-gnu/9] ==> dir [/usr/bin/../lib/gcc/x86_64-linux-gnu/9]
    arg [-L/usr/bin/../lib/gcc/x86_64-linux-gnu/9/../../../x86_64-linux-gnu] ==> dir [/usr/bin/../lib/gcc/x86_64-linux-gnu/9/../../../x86_64-linux-gnu]
    arg [-L/lib/x86_64-linux-gnu] ==> dir [/lib/x86_64-linux-gnu]
    arg [-L/lib/../lib64] ==> dir [/lib/../lib64]
    arg [-L/usr/lib/x86_64-linux-gnu] ==> dir [/usr/lib/x86_64-linux-gnu]
    arg [-L/usr/bin/../lib/gcc/x86_64-linux-gnu/9/../../..] ==> dir [/usr/bin/../lib/gcc/x86_64-linux-gnu/9/../../..]
    arg [-L/usr/lib/llvm-8/bin/../lib] ==> dir [/usr/lib/llvm-8/bin/../lib]
    arg [-L/lib] ==> dir [/lib]
    arg [-L/usr/lib] ==> dir [/usr/lib]
    arg [CMakeFiles/cmTC_268a3.dir/CMakeCXXCompilerABI.cpp.o] ==> ignore
    arg [-lstdc++] ==> lib [stdc++]
    arg [-lm] ==> lib [m]
    arg [-lgcc_s] ==> lib [gcc_s]
    arg [-lgcc] ==> lib [gcc]
    arg [-lc] ==> lib [c]
    arg [-lgcc_s] ==> lib [gcc_s]
    arg [-lgcc] ==> lib [gcc]
    arg [/usr/bin/../lib/gcc/x86_64-linux-gnu/9/crtend.o] ==> ignore
    arg [/usr/bin/../lib/gcc/x86_64-linux-gnu/9/../../../x86_64-linux-gnu/crtn.o] ==> ignore
  collapse library dir [/usr/bin/../lib/gcc/x86_64-linux-gnu/9] ==> [/usr/lib/gcc/x86_64-linux-gnu/9]
  collapse library dir [/usr/bin/../lib/gcc/x86_64-linux-gnu/9/../../../x86_64-linux-gnu] ==> [/usr/lib/x86_64-linux-gnu]
  collapse library dir [/lib/x86_64-linux-gnu] ==> [/lib/x86_64-linux-gnu]
  collapse library dir [/lib/../lib64] ==> [/lib64]
  collapse library dir [/usr/lib/x86_64-linux-gnu] ==> [/usr/lib/x86_64-linux-gnu]
  collapse library dir [/usr/bin/../lib/gcc/x86_64-linux-gnu/9/../../..] ==> [/usr/lib]
  collapse library dir [/usr/lib/llvm-8/bin/../lib] ==> [/usr/lib/llvm-8/lib]
  collapse library dir [/lib] ==> [/lib]
  collapse library dir [/usr/lib] ==> [/usr/lib]
  implicit libs: [stdc++;m;gcc_s;gcc;c;gcc_s;gcc]
  implicit dirs: [/usr/lib/gcc/x86_64-linux-gnu/9;/usr/lib/x86_64-linux-gnu;/lib/x86_64-linux-gnu;/lib64;/usr/lib;/usr/lib/llvm-8/lib;/lib]
  implicit fwks: []




Detecting CXX [-std=c++1z] compiler features compiled with the following output:
Change Dir: /mnt/c/Users/vl_sys/Desktop/proj/wlin_client/cmake-build-debug-wsl/CMakeFiles/CMakeTmp

Run Build Command:"/usr/bin/make" "cmTC_fbff4/fast"
/usr/bin/make -f CMakeFiles/cmTC_fbff4.dir/build.make CMakeFiles/cmTC_fbff4.dir/build
make[1]: Entering directory '/mnt/c/Users/vl_sys/Desktop/proj/wlin_client/cmake-build-debug-wsl/CMakeFiles/CMakeTmp'
Building CXX object CMakeFiles/cmTC_fbff4.dir/feature_tests.cxx.o
/usr/bin/clang++-8    -std=c++1z -o CMakeFiles/cmTC_fbff4.dir/feature_tests.cxx.o -c /mnt/c/Users/vl_sys/Desktop/proj/wlin_client/cmake-build-debug-wsl/CMakeFiles/feature_tests.cxx
Linking CXX executable cmTC_fbff4
/usr/bin/cmake -E cmake_link_script CMakeFiles/cmTC_fbff4.dir/link.txt --verbose=1
/usr/bin/clang++-8       CMakeFiles/cmTC_fbff4.dir/feature_tests.cxx.o  -o cmTC_fbff4 
make[1]: Leaving directory '/mnt/c/Users/vl_sys/Desktop/proj/wlin_client/cmake-build-debug-wsl/CMakeFiles/CMakeTmp'


    Feature record: CXX_FEATURE:1cxx_aggregate_default_initializers
    Feature record: CXX_FEATURE:1cxx_alias_templates
    Feature record: CXX_FEATURE:1cxx_alignas
    Feature record: CXX_FEATURE:1cxx_alignof
    Feature record: CXX_FEATURE:1cxx_attributes
    Feature record: CXX_FEATURE:1cxx_attribute_deprecated
    Feature record: CXX_FEATURE:1cxx_auto_type
    Feature record: CXX_FEATURE:1cxx_binary_literals
    Feature record: CXX_FEATURE:1cxx_constexpr
    Feature record: CXX_FEATURE:1cxx_contextual_conversions
    Feature record: CXX_FEATURE:1cxx_decltype
    Feature record: CXX_FEATURE:1cxx_decltype_auto
    Feature record: CXX_FEATURE:1cxx_decltype_incomplete_return_types
    Feature record: CXX_FEATURE:1cxx_default_function_template_args
    Feature record: CXX_FEATURE:1cxx_defaulted_functions
    Feature record: CXX_FEATURE:1cxx_defaulted_move_initializers
    Feature record: CXX_FEATURE:1cxx_delegating_constructors
    Feature record: CXX_FEATURE:1cxx_deleted_functions
    Feature record: CXX_FEATURE:1cxx_digit_separators
    Feature record: CXX_FEATURE:1cxx_enum_forward_declarations
    Feature record: CXX_FEATURE:1cxx_explicit_conversions
    Feature record: CXX_FEATURE:1cxx_extended_friend_declarations
    Feature record: CXX_FEATURE:1cxx_extern_templates
    Feature record: CXX_FEATURE:1cxx_final
    Feature record: CXX_FEATURE:1cxx_func_identifier
    Feature record: CXX_FEATURE:1cxx_generalized_initializers
    Feature record: CXX_FEATURE:1cxx_generic_lambdas
    Feature record: CXX_FEATURE:1cxx_inheriting_constructors
    Feature record: CXX_FEATURE:1cxx_inline_namespaces
    Feature record: CXX_FEATURE:1cxx_lambdas
    Feature record: CXX_FEATURE:1cxx_lambda_init_captures
    Feature record: CXX_FEATURE:1cxx_local_type_template_args
    Feature record: CXX_FEATURE:1cxx_long_long_type
    Feature record: CXX_FEATURE:1cxx_noexcept
    Feature record: CXX_FEATURE:1cxx_nonstatic_member_init
    Feature record: CXX_FEATURE:1cxx_nullptr
    Feature record: CXX_FEATURE:1cxx_override
    Feature record: CXX_FEATURE:1cxx_range_for
    Feature record: CXX_FEATURE:1cxx_raw_string_literals
    Feature record: CXX_FEATURE:1cxx_reference_qualified_functions
    Feature record: CXX_FEATURE:1cxx_relaxed_constexpr
    Feature record: CXX_FEATURE:1cxx_return_type_deduction
    Feature record: CXX_FEATURE:1cxx_right_angle_brackets
    Feature record: CXX_FEATURE:1cxx_rvalue_references
    Feature record: CXX_FEATURE:1cxx_sizeof_member
    Feature record: CXX_FEATURE:1cxx_static_assert
    Feature record: CXX_FEATURE:1cxx_strong_enums
    Feature record: CXX_FEATURE:1cxx_template_template_parameters
    Feature record: CXX_FEATURE:1cxx_thread_local
    Feature record: CXX_FEATURE:1cxx_trailing_return_types
    Feature record: CXX_FEATURE:1cxx_unicode_literals
    Feature record: CXX_FEATURE:1cxx_uniform_initialization
    Feature record: CXX_FEATURE:1cxx_unrestricted_unions
    Feature record: CXX_FEATURE:1cxx_user_literals
    Feature record: CXX_FEATURE:1cxx_variable_templates
    Feature record: CXX_FEATURE:1cxx_variadic_macros
    Feature record: CXX_FEATURE:1cxx_variadic_templates


Detecting CXX [-std=c++14] compiler features compiled with the following output:
Change Dir: /mnt/c/Users/vl_sys/Desktop/proj/wlin_client/cmake-build-debug-wsl/CMakeFiles/CMakeTmp

Run Build Command:"/usr/bin/make" "cmTC_ad826/fast"
/usr/bin/make -f CMakeFiles/cmTC_ad826.dir/build.make CMakeFiles/cmTC_ad826.dir/build
make[1]: Entering directory '/mnt/c/Users/vl_sys/Desktop/proj/wlin_client/cmake-build-debug-wsl/CMakeFiles/CMakeTmp'
Building CXX object CMakeFiles/cmTC_ad826.dir/feature_tests.cxx.o
/usr/bin/clang++-8    -std=c++14 -o CMakeFiles/cmTC_ad826.dir/feature_tests.cxx.o -c /mnt/c/Users/vl_sys/Desktop/proj/wlin_client/cmake-build-debug-wsl/CMakeFiles/feature_tests.cxx
Linking CXX executable cmTC_ad826
/usr/bin/cmake -E cmake_link_script CMakeFiles/cmTC_ad826.dir/link.txt --verbose=1
/usr/bin/clang++-8       CMakeFiles/cmTC_ad826.dir/feature_tests.cxx.o  -o cmTC_ad826 
make[1]: Leaving directory '/mnt/c/Users/vl_sys/Desktop/proj/wlin_client/cmake-build-debug-wsl/CMakeFiles/CMakeTmp'


    Feature record: CXX_FEATURE:1cxx_aggregate_default_initializers
    Feature record: CXX_FEATURE:1cxx_alias_templates
    Feature record: CXX_FEATURE:1cxx_alignas
    Feature record: CXX_FEATURE:1cxx_alignof
    Feature record: CXX_FEATURE:1cxx_attributes
    Feature record: CXX_FEATURE:1cxx_attribute_deprecated
    Feature record: CXX_FEATURE:1cxx_auto_type
    Feature record: CXX_FEATURE:1cxx_binary_literals
    Feature record: CXX_FEATURE:1cxx_constexpr
    Feature record: CXX_FEATURE:1cxx_contextual_conversions
    Feature record: CXX_FEATURE:1cxx_decltype
    Feature record: CXX_FEATURE:1cxx_decltype_auto
    Feature record: CXX_FEATURE:1cxx_decltype_incomplete_return_types
    Feature record: CXX_FEATURE:1cxx_default_function_template_args
    Feature record: CXX_FEATURE:1cxx_defaulted_functions
    Feature record: CXX_FEATURE:1cxx_defaulted_move_initializers
    Feature record: CXX_FEATURE:1cxx_delegating_constructors
    Feature record: CXX_FEATURE:1cxx_deleted_functions
    Feature record: CXX_FEATURE:1cxx_digit_separators
    Feature record: CXX_FEATURE:1cxx_enum_forward_declarations
    Feature record: CXX_FEATURE:1cxx_explicit_conversions
    Feature record: CXX_FEATURE:1cxx_extended_friend_declarations
    Feature record: CXX_FEATURE:1cxx_extern_templates
    Feature record: CXX_FEATURE:1cxx_final
    Feature record: CXX_FEATURE:1cxx_func_identifier
    Feature record: CXX_FEATURE:1cxx_generalized_initializers
    Feature record: CXX_FEATURE:1cxx_generic_lambdas
    Feature record: CXX_FEATURE:1cxx_inheriting_constructors
    Feature record: CXX_FEATURE:1cxx_inline_namespaces
    Feature record: CXX_FEATURE:1cxx_lambdas
    Feature record: CXX_FEATURE:1cxx_lambda_init_captures
    Feature record: CXX_FEATURE:1cxx_local_type_template_args
    Feature record: CXX_FEATURE:1cxx_long_long_type
    Feature record: CXX_FEATURE:1cxx_noexcept
    Feature record: CXX_FEATURE:1cxx_nonstatic_member_init
    Feature record: CXX_FEATURE:1cxx_nullptr
    Feature record: CXX_FEATURE:1cxx_override
    Feature record: CXX_FEATURE:1cxx_range_for
    Feature record: CXX_FEATURE:1cxx_raw_string_literals
    Feature record: CXX_FEATURE:1cxx_reference_qualified_functions
    Feature record: CXX_FEATURE:1cxx_relaxed_constexpr
    Feature record: CXX_FEATURE:1cxx_return_type_deduction
    Feature record: CXX_FEATURE:1cxx_right_angle_brackets
    Feature record: CXX_FEATURE:1cxx_rvalue_references
    Feature record: CXX_FEATURE:1cxx_sizeof_member
    Feature record: CXX_FEATURE:1cxx_static_assert
    Feature record: CXX_FEATURE:1cxx_strong_enums
    Feature record: CXX_FEATURE:1cxx_template_template_parameters
    Feature record: CXX_FEATURE:1cxx_thread_local
    Feature record: CXX_FEATURE:1cxx_trailing_return_types
    Feature record: CXX_FEATURE:1cxx_unicode_literals
    Feature record: CXX_FEATURE:1cxx_uniform_initialization
    Feature record: CXX_FEATURE:1cxx_unrestricted_unions
    Feature record: CXX_FEATURE:1cxx_user_literals
    Feature record: CXX_FEATURE:1cxx_variable_templates
    Feature record: CXX_FEATURE:1cxx_variadic_macros
    Feature record: CXX_FEATURE:1cxx_variadic_templates


Detecting CXX [-std=c++11] compiler features compiled with the following output:
Change Dir: /mnt/c/Users/vl_sys/Desktop/proj/wlin_client/cmake-build-debug-wsl/CMakeFiles/CMakeTmp

Run Build Command:"/usr/bin/make" "cmTC_1d5af/fast"
/usr/bin/make -f CMakeFiles/cmTC_1d5af.dir/build.make CMakeFiles/cmTC_1d5af.dir/build
make[1]: Entering directory '/mnt/c/Users/vl_sys/Desktop/proj/wlin_client/cmake-build-debug-wsl/CMakeFiles/CMakeTmp'
Building CXX object CMakeFiles/cmTC_1d5af.dir/feature_tests.cxx.o
/usr/bin/clang++-8    -std=c++11 -o CMakeFiles/cmTC_1d5af.dir/feature_tests.cxx.o -c /mnt/c/Users/vl_sys/Desktop/proj/wlin_client/cmake-build-debug-wsl/CMakeFiles/feature_tests.cxx
Linking CXX executable cmTC_1d5af
/usr/bin/cmake -E cmake_link_script CMakeFiles/cmTC_1d5af.dir/link.txt --verbose=1
/usr/bin/clang++-8       CMakeFiles/cmTC_1d5af.dir/feature_tests.cxx.o  -o cmTC_1d5af 
make[1]: Leaving directory '/mnt/c/Users/vl_sys/Desktop/proj/wlin_client/cmake-build-debug-wsl/CMakeFiles/CMakeTmp'


    Feature record: CXX_FEATURE:0cxx_aggregate_default_initializers
    Feature record: CXX_FEATURE:1cxx_alias_templates
    Feature record: CXX_FEATURE:1cxx_alignas
    Feature record: CXX_FEATURE:1cxx_alignof
    Feature record: CXX_FEATURE:1cxx_attributes
    Feature record: CXX_FEATURE:0cxx_attribute_deprecated
    Feature record: CXX_FEATURE:1cxx_auto_type
    Feature record: CXX_FEATURE:0cxx_binary_literals
    Feature record: CXX_FEATURE:1cxx_constexpr
    Feature record: CXX_FEATURE:0cxx_contextual_conversions
    Feature record: CXX_FEATURE:1cxx_decltype
    Feature record: CXX_FEATURE:0cxx_decltype_auto
    Feature record: CXX_FEATURE:1cxx_decltype_incomplete_return_types
    Feature record: CXX_FEATURE:1cxx_default_function_template_args
    Feature record: CXX_FEATURE:1cxx_defaulted_functions
    Feature record: CXX_FEATURE:1cxx_defaulted_move_initializers
    Feature record: CXX_FEATURE:1cxx_delegating_constructors
    Feature record: CXX_FEATURE:1cxx_deleted_functions
    Feature record: CXX_FEATURE:0cxx_digit_separators
    Feature record: CXX_FEATURE:1cxx_enum_forward_declarations
    Feature record: CXX_FEATURE:1cxx_explicit_conversions
    Feature record: CXX_FEATURE:1cxx_extended_friend_declarations
    Feature record: CXX_FEATURE:1cxx_extern_templates
    Feature record: CXX_FEATURE:1cxx_final
    Feature record: CXX_FEATURE:1cxx_func_identifier
    Feature record: CXX_FEATURE:1cxx_generalized_initializers
    Feature record: CXX_FEATURE:0cxx_generic_lambdas
    Feature record: CXX_FEATURE:1cxx_inheriting_constructors
    Feature record: CXX_FEATURE:1cxx_inline_namespaces
    Feature record: CXX_FEATURE:1cxx_lambdas
    Feature record: CXX_FEATURE:0cxx_lambda_init_captures
    Feature record: CXX_FEATURE:1cxx_local_type_template_args
    Feature record: CXX_FEATURE:1cxx_long_long_type
    Feature record: CXX_FEATURE:1cxx_noexcept
    Feature record: CXX_FEATURE:1cxx_nonstatic_member_init
    Feature record: CXX_FEATURE:1cxx_nullptr
    Feature record: CXX_FEATURE:1cxx_override
    Feature record: CXX_FEATURE:1cxx_range_for
    Feature record: CXX_FEATURE:1cxx_raw_string_literals
    Feature record: CXX_FEATURE:1cxx_reference_qualified_functions
    Feature record: CXX_FEATURE:0cxx_relaxed_constexpr
    Feature record: CXX_FEATURE:0cxx_return_type_deduction
    Feature record: CXX_FEATURE:1cxx_right_angle_brackets
    Feature record: CXX_FEATURE:1cxx_rvalue_references
    Feature record: CXX_FEATURE:1cxx_sizeof_member
    Feature record: CXX_FEATURE:1cxx_static_assert
    Feature record: CXX_FEATURE:1cxx_strong_enums
    Feature record: CXX_FEATURE:1cxx_template_template_parameters
    Feature record: CXX_FEATURE:1cxx_thread_local
    Feature record: CXX_FEATURE:1cxx_trailing_return_types
    Feature record: CXX_FEATURE:1cxx_unicode_literals
    Feature record: CXX_FEATURE:1cxx_uniform_initialization
    Feature record: CXX_FEATURE:1cxx_unrestricted_unions
    Feature record: CXX_FEATURE:1cxx_user_literals
    Feature record: CXX_FEATURE:0cxx_variable_templates
    Feature record: CXX_FEATURE:1cxx_variadic_macros
    Feature record: CXX_FEATURE:1cxx_variadic_templates


Detecting CXX [-std=c++98] compiler features compiled with the following output:
Change Dir: /mnt/c/Users/vl_sys/Desktop/proj/wlin_client/cmake-build-debug-wsl/CMakeFiles/CMakeTmp

Run Build Command:"/usr/bin/make" "cmTC_22897/fast"
/usr/bin/make -f CMakeFiles/cmTC_22897.dir/build.make CMakeFiles/cmTC_22897.dir/build
make[1]: Entering directory '/mnt/c/Users/vl_sys/Desktop/proj/wlin_client/cmake-build-debug-wsl/CMakeFiles/CMakeTmp'
Building CXX object CMakeFiles/cmTC_22897.dir/feature_tests.cxx.o
/usr/bin/clang++-8    -std=c++98 -o CMakeFiles/cmTC_22897.dir/feature_tests.cxx.o -c /mnt/c/Users/vl_sys/Desktop/proj/wlin_client/cmake-build-debug-wsl/CMakeFiles/feature_tests.cxx
Linking CXX executable cmTC_22897
/usr/bin/cmake -E cmake_link_script CMakeFiles/cmTC_22897.dir/link.txt --verbose=1
/usr/bin/clang++-8       CMakeFiles/cmTC_22897.dir/feature_tests.cxx.o  -o cmTC_22897 
make[1]: Leaving directory '/mnt/c/Users/vl_sys/Desktop/proj/wlin_client/cmake-build-debug-wsl/CMakeFiles/CMakeTmp'


    Feature record: CXX_FEATURE:0cxx_aggregate_default_initializers
    Feature record: CXX_FEATURE:0cxx_alias_templates
    Feature record: CXX_FEATURE:0cxx_alignas
    Feature record: CXX_FEATURE:0cxx_alignof
    Feature record: CXX_FEATURE:0cxx_attributes
    Feature record: CXX_FEATURE:0cxx_attribute_deprecated
    Feature record: CXX_FEATURE:0cxx_auto_type
    Feature record: CXX_FEATURE:0cxx_binary_literals
    Feature record: CXX_FEATURE:0cxx_constexpr
    Feature record: CXX_FEATURE:0cxx_contextual_conversions
    Feature record: CXX_FEATURE:0cxx_decltype
    Feature record: CXX_FEATURE:0cxx_decltype_auto
    Feature record: CXX_FEATURE:0cxx_decltype_incomplete_return_types
    Feature record: CXX_FEATURE:0cxx_default_function_template_args
    Feature record: CXX_FEATURE:0cxx_defaulted_functions
    Feature record: CXX_FEATURE:0cxx_defaulted_move_initializers
    Feature record: CXX_FEATURE:0cxx_delegating_constructors
    Feature record: CXX_FEATURE:0cxx_deleted_functions
    Feature record: CXX_FEATURE:0cxx_digit_separators
    Feature record: CXX_FEATURE:0cxx_enum_forward_declarations
    Feature record: CXX_FEATURE:0cxx_explicit_conversions
    Feature record: CXX_FEATURE:0cxx_extended_friend_declarations
    Feature record: CXX_FEATURE:0cxx_extern_templates
    Feature record: CXX_FEATURE:0cxx_final
    Feature record: CXX_FEATURE:0cxx_func_identifier
    Feature record: CXX_FEATURE:0cxx_generalized_initializers
    Feature record: CXX_FEATURE:0cxx_generic_lambdas
    Feature record: CXX_FEATURE:0cxx_inheriting_constructors
    Feature record: CXX_FEATURE:0cxx_inline_namespaces
    Feature record: CXX_FEATURE:0cxx_lambdas
    Feature record: CXX_FEATURE:0cxx_lambda_init_captures
    Feature record: CXX_FEATURE:0cxx_local_type_template_args
    Feature record: CXX_FEATURE:0cxx_long_long_type
    Feature record: CXX_FEATURE:0cxx_noexcept
    Feature record: CXX_FEATURE:0cxx_nonstatic_member_init
    Feature record: CXX_FEATURE:0cxx_nullptr
    Feature record: CXX_FEATURE:0cxx_override
    Feature record: CXX_FEATURE:0cxx_range_for
    Feature record: CXX_FEATURE:0cxx_raw_string_literals
    Feature record: CXX_FEATURE:0cxx_reference_qualified_functions
    Feature record: CXX_FEATURE:0cxx_relaxed_constexpr
    Feature record: CXX_FEATURE:0cxx_return_type_deduction
    Feature record: CXX_FEATURE:0cxx_right_angle_brackets
    Feature record: CXX_FEATURE:0cxx_rvalue_references
    Feature record: CXX_FEATURE:0cxx_sizeof_member
    Feature record: CXX_FEATURE:0cxx_static_assert
    Feature record: CXX_FEATURE:0cxx_strong_enums
    Feature record: CXX_FEATURE:1cxx_template_template_parameters
    Feature record: CXX_FEATURE:0cxx_thread_local
    Feature record: CXX_FEATURE:0cxx_trailing_return_types
    Feature record: CXX_FEATURE:0cxx_unicode_literals
    Feature record: CXX_FEATURE:0cxx_uniform_initialization
    Feature record: CXX_FEATURE:0cxx_unrestricted_unions
    Feature record: CXX_FEATURE:0cxx_user_literals
    Feature record: CXX_FEATURE:0cxx_variable_templates
    Feature record: CXX_FEATURE:0cxx_variadic_macros
    Feature record: CXX_FEATURE:0cxx_variadic_templates
Determining if the include file pthread.h exists passed with the following output:
Change Dir: /mnt/c/Users/vl_sys/Desktop/proj/wlin_client/cmake-build-debug-wsl/CMakeFiles/CMakeTmp

Run Build Command:"/usr/bin/make" "cmTC_b61ce/fast"
/usr/bin/make -f CMakeFiles/cmTC_b61ce.dir/build.make CMakeFiles/cmTC_b61ce.dir/build
make[1]: Entering directory '/mnt/c/Users/vl_sys/Desktop/proj/wlin_client/cmake-build-debug-wsl/CMakeFiles/CMakeTmp'
Building C object CMakeFiles/cmTC_b61ce.dir/CheckIncludeFile.c.o
/usr/bin/clang-8    -o CMakeFiles/cmTC_b61ce.dir/CheckIncludeFile.c.o   -c /mnt/c/Users/vl_sys/Desktop/proj/wlin_client/cmake-build-debug-wsl/CMakeFiles/CMakeTmp/CheckIncludeFile.c
Linking C executable cmTC_b61ce
/usr/bin/cmake -E cmake_link_script CMakeFiles/cmTC_b61ce.dir/link.txt --verbose=1
/usr/bin/clang-8      CMakeFiles/cmTC_b61ce.dir/CheckIncludeFile.c.o  -o cmTC_b61ce 
make[1]: Leaving directory '/mnt/c/Users/vl_sys/Desktop/proj/wlin_client/cmake-build-debug-wsl/CMakeFiles/CMakeTmp'


Determining if the function pthread_create exists in the pthread passed with the following output:
Change Dir: /mnt/c/Users/vl_sys/Desktop/proj/wlin_client/cmake-build-debug-wsl/CMakeFiles/CMakeTmp

Run Build Command:"/usr/bin/make" "cmTC_89978/fast"
/usr/bin/make -f CMakeFiles/cmTC_89978.dir/build.make CMakeFiles/cmTC_89978.dir/build
make[1]: Entering directory '/mnt/c/Users/vl_sys/Desktop/proj/wlin_client/cmake-build-debug-wsl/CMakeFiles/CMakeTmp'
Building C object CMakeFiles/cmTC_89978.dir/CheckFunctionExists.c.o
/usr/bin/clang-8   -DCHECK_FUNCTION_EXISTS=pthread_create   -o CMakeFiles/cmTC_89978.dir/CheckFunctionExists.c.o   -c /usr/share/cmake-3.10/Modules/CheckFunctionExists.c
Linking C executable cmTC_89978
/usr/bin/cmake -E cmake_link_script CMakeFiles/cmTC_89978.dir/link.txt --verbose=1
/usr/bin/clang-8  -DCHECK_FUNCTION_EXISTS=pthread_create    CMakeFiles/cmTC_89978.dir/CheckFunctionExists.c.o  -o cmTC_89978 -lpthread 
make[1]: Leaving directory '/mnt/c/Users/vl_sys/Desktop/proj/wlin_client/cmake-build-debug-wsl/CMakeFiles/CMakeTmp'


